<?xml version="1.0" encoding="UTF-8"?>
<!-- Generated by org.testng.reporters.JUnitXMLReporter -->
<testsuite ignored="0" hostname="INDMUMBLPTMP064" failures="1" tests="2" name="FormPage Test" time="51.308" errors="0" timestamp="2023-01-24T14:59:08 IST">
  <testcase classname="generalStore.ECommerceTest_01" name="fillFormNegativeTest" time="7.041">
    <failure type="java.lang.AssertionError" message="expected [enter your name] but found [Please enter your name]">
      <![CDATA[java.lang.AssertionError: expected [enter your name] but found [Please enter your name]
at generalStore.ECommerceTest_01.fillFormNegativeTest(ECommerceTest_01.java:52)
at java.base/java.util.ArrayList.forEach(ArrayList.java:1541)
... Removed 33 stack frames]]>
    </failure>
  </testcase> <!-- fillFormNegativeTest -->
  <testcase classname="generalStore.ECommerceTest_01" name="fillFormPositiveTest" time="20.302"/>
</testsuite> <!-- FormPage Test -->
